DEBUG: 1.79% 0 56 C++ Templates（第2版 英文版）
DEBUG: https://search.douban.com/book/subject_search?search_text=C%2B%2B%20Templates%EF%BC%88%E7%AC%AC2%E7%89%88%20%E8%8B%B1%E6%96%87%E7%89%88%EF%BC%89&cat=1001
DEBUG: 0 C++ Templates（第2版 英文版） C++ Templates（第2版·英文版） 9.8
DEBUG: 1 C++ Templates（第2版 英文版） 代码大全 : (第2版)(英文版) 9.3
DEBUG: 2 C++ Templates（第2版 英文版） 数理逻辑 : （英文版 · 第2版） 9.2
DEBUG: 3 C++ Templates（第2版 英文版） C程序设计语言（第2版·新版） 9.4
DEBUG: 4 C++ Templates（第2版 英文版） 代数 : （英文版·第2版） 9.6
DEBUG: 5 C++ Templates（第2版 英文版） 编译原理 : （英文版·第2版） 9
DEBUG: 6 C++ Templates（第2版 英文版） C程序设计语言 : (英文版·第2版) 9.6
DEBUG: 7 C++ Templates（第2版 英文版） 偏微分方程(第二版)(英文版) 9.6
DEBUG: 8 C++ Templates（第2版 英文版） 具体数学（英文版第2版） : 计算机科学基础 9.5
DEBUG: 9 C++ Templates（第2版 英文版） C++ Primer 英文版（第 5 版） 9.3
DEBUG: 10 C++ Templates（第2版 英文版） C++Primer(英文版)(第4版) 9.1
DEBUG: 11 C++ Templates（第2版 英文版） 学会提问（原书第12版·中英文对照学习版） 9.5
DEBUG: 12 C++ Templates（第2版 英文版） Effective Java : 英文版，第2版 9.3
DEBUG: 13 C++ Templates（第2版 英文版） 模式分类(英文版·第2版) : 英文版 8.8
DEBUG: 14 C++ Templates（第2版 英文版） 编程珠玑（英文版・第2版） 9.4
DEBUG: 3.57% 1 56 最後的問題 : 西方短篇科幻小說精選
DEBUG: https://search.douban.com/book/subject_search?search_text=%E6%9C%80%E5%BE%8C%E7%9A%84%E5%95%8F%E9%A1%8C%20%3A%20%E8%A5%BF%E6%96%B9%E7%9F%AD%E7%AF%87%E7%A7%91%E5%B9%BB%E5%B0%8F%E8%AA%AA%E7%B2%BE%E9%81%B8&cat=1001
DEBUG: 5.36% 2 56 中华人民共和国国民经济和社会发展第十三个五年规划纲要
DEBUG: https://search.douban.com/book/subject_search?search_text=%E4%B8%AD%E5%8D%8E%E4%BA%BA%E6%B0%91%E5%85%B1%E5%92%8C%E5%9B%BD%E5%9B%BD%E6%B0%91%E7%BB%8F%E6%B5%8E%E5%92%8C%E7%A4%BE%E4%BC%9A%E5%8F%91%E5%B1%95%E7%AC%AC%E5%8D%81%E4%B8%89%E4%B8%AA%E4%BA%94%E5%B9%B4%E8%A7%84%E5%88%92%E7%BA%B2%E8%A6%81&cat=1001
DEBUG: 0 中华人民共和国国民经济和社会发展第十三个五年规划纲要 中华人民共和国国民经济和社会发展第十三个五年规划纲要 -1
DEBUG: 1 中华人民共和国国民经济和社会发展第十三个五年规划纲要 中华人民共和国国民经济和社会发展第十三个五年规划纲要 -1
DEBUG: 2 中华人民共和国国民经济和社会发展第十三个五年规划纲要 中华人民共和国国民经济和社会发展第十三个五年规划纲要 -1
DEBUG: 3 中华人民共和国国民经济和社会发展第十三个五年规划纲要 中华人民共和国国民经济和社会发展第十三个五年规划纲要 -1
DEBUG: 4 中华人民共和国国民经济和社会发展第十三个五年规划纲要 《中华人民共和国国民经济和社会发展第十三个五年规划纲要》（英文版） -1
DEBUG: 5 中华人民共和国国民经济和社会发展第十三个五年规划纲要 <中华人民共和国国民经济和社会发展第十三个五年规划纲要>辅导读本 -1
DEBUG: 6 中华人民共和国国民经济和社会发展第十三个五年规划纲要 2016-2020 中华人民共和国国民经济和社会发展第十三个五年规划纲要 解释材料 -1
DEBUG: 7 中华人民共和国国民经济和社会发展第十三个五年规划纲要 中华人民共和国国民经济和社会发展第十一个五年规划纲要 : 2006年3月14日第十届全国人民代表大会第四次会议批准 -1
DEBUG: 8 中华人民共和国国民经济和社会发展第十三个五年规划纲要 中华人民共和国国民经济和社会发展第十二个五年规划纲要 -1
DEBUG: 9 中华人民共和国国民经济和社会发展第十三个五年规划纲要 中共中央关于制定国民经济和社会发展第十三个五年规划的建议 -1
DEBUG: 10 中华人民共和国国民经济和社会发展第十三个五年规划纲要 《中华人民共和国国民经济和社会发展第十二个五年规划纲要》辅导读本 -1
DEBUG: 11 中华人民共和国国民经济和社会发展第十三个五年规划纲要 《中共中央关于制定国民经济和社会发展第十四个五年规划和二〇三五年远景目标的建议》辅导读本 -1
DEBUG: 12 中华人民共和国国民经济和社会发展第十三个五年规划纲要 江苏省国民经济和社会发展第十二个五年规划纲要 -1
DEBUG: 13 中华人民共和国国民经济和社会发展第十三个五年规划纲要 中华人民共和国国民经济和社会发展第十个五年计划纲要 -1
DEBUG: 14 中华人民共和国国民经济和社会发展第十三个五年规划纲要 《中共中央关于制定国民经济和社会发展第十三个五年规划的建议》辅导读本 -1
DEBUG: 7.14% 3 56 DK艺术博物馆：世界名作全景导读
DEBUG: https://search.douban.com/book/subject_search?search_text=DK%E8%89%BA%E6%9C%AF%E5%8D%9A%E7%89%A9%E9%A6%86%EF%BC%9A%E4%B8%96%E7%95%8C%E5%90%8D%E4%BD%9C%E5%85%A8%E6%99%AF%E5%AF%BC%E8%AF%BB&cat=1001
DEBUG: 0 DK艺术博物馆：世界名作全景导读 DK艺术博物馆 : 世界名作全景导读 9.2
DEBUG: 1 DK艺术博物馆：世界名作全景导读 图解艺术 : 世界名作全景导读 9
DEBUG: 8.93% 4 56 第三方JavaScript编程
DEBUG: https://search.douban.com/book/subject_search?search_text=%E7%AC%AC%E4%B8%89%E6%96%B9JavaScript%E7%BC%96%E7%A8%8B&cat=1001
DEBUG: 0 第三方JavaScript编程 第三方JavaScript编程 -1
DEBUG: 1 第三方JavaScript编程 JavaScript高级程序设计（第3版） 9.2
DEBUG: 2 第三方JavaScript编程 JavaScript DOM编程艺术 （第2版） 8.6
DEBUG: 3 第三方JavaScript编程 UNIX环境高级编程（第3版） 9.7
DEBUG: 4 第三方JavaScript编程 JavaScript语言精髓与编程实践（第3版） 8.4
DEBUG: 5 第三方JavaScript编程 UNIX网络编程 : 第1卷:套接口API(第3版) 9.5
DEBUG: 6 第三方JavaScript编程 Python核心编程（第3版） 6.9
DEBUG: 7 第三方JavaScript编程 Python网络编程（第3版） 9.1
DEBUG: 8 第三方JavaScript编程 Linux命令行与shell脚本编程大全（第3版） 8.9
DEBUG: 9 第三方JavaScript编程 JavaScript编程精解(第3版) 7.3
DEBUG: 10 第三方JavaScript编程 JavaScript函数式编程指南 8.1
DEBUG: 11 第三方JavaScript编程 JavaScript DOM编程艺术 8.7
DEBUG: 12 第三方JavaScript编程 JavaScript编程精解 8
DEBUG: 13 第三方JavaScript编程 Scala编程（第3版） 9.5
DEBUG: 14 第三方JavaScript编程 Java编程思想 : 第3版 9
DEBUG: 10.71% 5 56 结构化计算机组成
DEBUG: https://search.douban.com/book/subject_search?search_text=%E7%BB%93%E6%9E%84%E5%8C%96%E8%AE%A1%E7%AE%97%E6%9C%BA%E7%BB%84%E6%88%90&cat=1001
DEBUG: 0 结构化计算机组成 结构化计算机组成 -1
DEBUG: 1 结构化计算机组成 结构化计算机组成 -1
DEBUG: 2 结构化计算机组成 计算机组成：结构化方法 9.2
DEBUG: 3 结构化计算机组成 计算机组成（第6版） : 结构化方法 9
DEBUG: 4 结构化计算机组成 计算机组成结构化方法 -1
DEBUG: 5 结构化计算机组成 计算机体系结构 : 量化研究方法（第5版） 8.8
DEBUG: 6 结构化计算机组成 计算机组成与体系结构（原书第8版） : 性能设计 8.5
DEBUG: 7 结构化计算机组成 计算机组成与结构 6.5
DEBUG: 8 结构化计算机组成 计算机组成与结构 6.7
DEBUG: 9 结构化计算机组成 计算机组成与结构 : 计算机组成与结构 -1
DEBUG: 10 结构化计算机组成 计算机组成与体系结构 6
DEBUG: 11 结构化计算机组成 计算机组成与系统结构 8.1
DEBUG: 12 结构化计算机组成 计算机体系结构 : 量化研究方法（英文版·第5版） 9.5
DEBUG: 13 结构化计算机组成 计算机组成与结构 -1
DEBUG: 14 结构化计算机组成 计算机体系结构（英文版·第6版） : 量化研究方法 9.8
DEBUG: 12.50% 6 56 Microsoft.NET框架程序设计
DEBUG: https://search.douban.com/book/subject_search?search_text=Microsoft.NET%E6%A1%86%E6%9E%B6%E7%A8%8B%E5%BA%8F%E8%AE%BE%E8%AE%A1&cat=1001
DEBUG: 14.29% 7 56 Java安全编码标准
DEBUG: https://search.douban.com/book/subject_search?search_text=Java%E5%AE%89%E5%85%A8%E7%BC%96%E7%A0%81%E6%A0%87%E5%87%86&cat=1001
DEBUG: 0 Java安全编码标准 Java安全编码标准 -1
DEBUG: 1 Java安全编码标准 C安全编码标准 9
DEBUG: 2 Java安全编码标准 C安全编码标准(原书第2版) : 开发安全、可靠、稳固系统的98条规则 -1
DEBUG: 3 Java安全编码标准 Java编码指南 : 编写安全可靠程序的75条建议 -1
DEBUG: 4 Java安全编码标准 电气安全标准汇编 -1
DEBUG: 5 Java安全编码标准 社会公共安全标准汇编 -1
DEBUG: 6 Java安全编码标准 机械安全标准汇编（上） -1
DEBUG: 7 Java安全编码标准 社会公共安全标准汇编 -1
DEBUG: 8 Java安全编码标准 信息安全标准汇编（密码技术卷） -1
DEBUG: 9 Java安全编码标准 农机安全标准汇编 -1
DEBUG: 10 Java安全编码标准 信息安全标准汇编 -1
DEBUG: 11 Java安全编码标准 信息安全标准汇编 -1
DEBUG: 12 Java安全编码标准 电力安全标准汇编 -1
DEBUG: 13 Java安全编码标准 Java编码指南 : 编写安全可靠程序的75条建议（英文版） -1
DEBUG: 14 Java安全编码标准 安全标志国家标准汇编 -1
DEBUG: 16.07% 8 56 唐山 : 一个世纪的故事
DEBUG: https://search.douban.com/book/subject_search?search_text=%E5%94%90%E5%B1%B1%20%3A%20%E4%B8%80%E4%B8%AA%E4%B8%96%E7%BA%AA%E7%9A%84%E6%95%85%E4%BA%8B&cat=1001
DEBUG: 0 唐山 : 一个世纪的故事 唐山 : 一个世纪的故事 -1
DEBUG: 1 唐山 : 一个世纪的故事 唐山：一个世纪的故事（英文版） -1
DEBUG: 2 唐山 : 一个世纪的故事 香水 : 一个谋杀犯的故事 8.9
DEBUG: 3 唐山 : 一个世纪的故事 一个女人的故事 : 全新修订版 9
DEBUG: 4 唐山 : 一个世纪的故事 现代艺术150年 : 一个未完成的故事 9.2
DEBUG: 5 唐山 : 一个世纪的故事 香水 : 一个谋杀犯的故事 8.6
DEBUG: 6 唐山 : 一个世纪的故事 山中最后一季 : 一个将生命、灵魂与激情融入山野的故事 8.5
DEBUG: 7 唐山 : 一个世纪的故事 世纪的哭泣 : 艾滋病的故事 8.2
DEBUG: 8 唐山 : 一个世纪的故事 一个海难幸存者的故事 8.1
DEBUG: 9 唐山 : 一个世纪的故事 她们 : 一个摄影师历经十年纪录的风尘故事 7.6
DEBUG: 10 唐山 : 一个世纪的故事 一个导演的故事 8.6
DEBUG: 11 唐山 : 一个世纪的故事 罗马 : 一个帝国的故事 -1
DEBUG: 12 唐山 : 一个世纪的故事 红雨 : 一个中国县域七个世纪的暴力史 8
DEBUG: 13 唐山 : 一个世纪的故事 奶酪与蛆虫 : 一个16世纪磨坊主的宇宙 8.1
DEBUG: 14 唐山 : 一个世纪的故事 中文打字机 : 一个世纪的汉字突围史 -1
DEBUG: 17.86% 9 56 数据结构与算法分析 : Java语言描述（英文版·第3版）
DEBUG: https://search.douban.com/book/subject_search?search_text=%E6%95%B0%E6%8D%AE%E7%BB%93%E6%9E%84%E4%B8%8E%E7%AE%97%E6%B3%95%E5%88%86%E6%9E%90%20%3A%20Java%E8%AF%AD%E8%A8%80%E6%8F%8F%E8%BF%B0%EF%BC%88%E8%8B%B1%E6%96%87%E7%89%88%C2%B7%E7%AC%AC3%E7%89%88%EF%BC%89&cat=1001
DEBUG: 0 数据结构与算法分析 : Java语言描述（英文版·第3版） 数据结构与算法分析 : Java语言描述（英文版·第3版） -1
DEBUG: 1 数据结构与算法分析 : Java语言描述（英文版·第3版） 数据结构与算法分析 : C++描述(第三版) 8.6
DEBUG: 2 数据结构与算法分析 : Java语言描述（英文版·第3版） 数据结构与算法分析 C语言描述（原书第2版）典藏版 7.3
DEBUG: 3 数据结构与算法分析 : Java语言描述（英文版·第3版） 数据结构与算法分析 : Java语言描述 7.8
DEBUG: 4 数据结构与算法分析 : Java语言描述（英文版·第3版） 数据结构与算法分析 : Java语言描述 8.4
DEBUG: 5 数据结构与算法分析 : Java语言描述（英文版·第3版） 数据结构与算法分析 : Java语言描述.英文版.第2版 7.6
DEBUG: 6 数据结构与算法分析 : Java语言描述（英文版·第3版） 数据结构与算法分析（第四版） : C++语言描述 5
DEBUG: 7 数据结构与算法分析 : Java语言描述（英文版·第3版） 数据结构与算法分析:C++语言描述 : 第四版 英文版 -1
DEBUG: 8 数据结构与算法分析 : Java语言描述（英文版·第3版） 数据结构与算法分析 : Java语言描述 7.5
DEBUG: 9 数据结构与算法分析 : Java语言描述（英文版·第3版） 数据结构与算法分析：C++语言描述（英文版·第4版） -1
DEBUG: 10 数据结构与算法分析 : Java语言描述（英文版·第3版） 数据结构与算法分析 : C语言描述(英文版·原书第2版) -1
DEBUG: 11 数据结构与算法分析 : Java语言描述（英文版·第3版） 数据结构与算法分析(C++版)(第3版)(英文版) -1
DEBUG: 12 数据结构与算法分析 : Java语言描述（英文版·第3版） 数据结构与算法分析 : JAVA语言版 -1
DEBUG: 13 数据结构与算法分析 : Java语言描述（英文版·第3版） 算法设计与分析――C++语言描述（第3版） -1
DEBUG: 19.64% 10 56 数字逻辑应用与设计
DEBUG: https://search.douban.com/book/subject_search?search_text=%E6%95%B0%E5%AD%97%E9%80%BB%E8%BE%91%E5%BA%94%E7%94%A8%E4%B8%8E%E8%AE%BE%E8%AE%A1&cat=1001
DEBUG: 0 数字逻辑应用与设计 数字逻辑应用与设计 -1
DEBUG: 1 数字逻辑应用与设计 数字逻辑应用与设计 -1
DEBUG: 2 数字逻辑应用与设计 数字逻辑设计及应用知识要点与习题解析（中英文版） -1
DEBUG: 3 数字逻辑应用与设计 数字电子技术（逻辑设计与应用）/“十二五”职业教育国家规划教材 -1
DEBUG: 4 数字逻辑应用与设计 数字逻辑基础与Verilog设计 8.9
DEBUG: 5 数字逻辑应用与设计 汉字：汉字设计与应用 7.6
DEBUG: 6 数字逻辑应用与设计 数字逻辑设计及应用 -1
DEBUG: 7 数字逻辑应用与设计 数字逻辑基础与Verilog设计 -1
DEBUG: 8 数字逻辑应用与设计 数字逻辑设计 -1
DEBUG: 9 数字逻辑应用与设计 数字电路与逻辑设计 : 数字电路与逻辑设计 -1
DEBUG: 10 数字逻辑应用与设计 数字电路逻辑设计 : 数字电路逻辑设计 -1
DEBUG: 11 数字逻辑应用与设计 数字逻辑与EDA设计 : 数字逻辑与EDA设计 -1
DEBUG: 12 数字逻辑应用与设计 数字逻辑与VHDL逻辑设计 : 数字逻辑与VHDL逻辑设计 -1
DEBUG: 13 数字逻辑应用与设计 数字逻辑与VHDL设计 -1
DEBUG: 14 数字逻辑应用与设计 数字电路与逻辑设计 -1
DEBUG: 21.43% 11 56 HR劳动争议经典管理案例
DEBUG: https://search.douban.com/book/subject_search?search_text=HR%E5%8A%B3%E5%8A%A8%E4%BA%89%E8%AE%AE%E7%BB%8F%E5%85%B8%E7%AE%A1%E7%90%86%E6%A1%88%E4%BE%8B&cat=1001
DEBUG: 0 HR劳动争议经典管理案例 HR劳动争议经典管理案例 -1
DEBUG: 1 HR劳动争议经典管理案例 HR劳动关系经典管理案例 -1
DEBUG: 2 HR劳动争议经典管理案例 典型劳动争议案例处理实务 : 典型劳动争议案例处理实务 -1
DEBUG: 3 HR劳动争议经典管理案例 战略管理(概念与案例第12版)/工商管理经典译丛 9
DEBUG: 4 HR劳动争议经典管理案例 劳动争议经典案例及非诉劳务问题深度解析 -1
DEBUG: 5 HR劳动争议经典管理案例 HR员工招聘经典管理案例 -1
DEBUG: 6 HR劳动争议经典管理案例 设计管理欧美经典案例 7.3
DEBUG: 7 HR劳动争议经典管理案例 德鲁克经典管理案例解析 7.1
DEBUG: 8 HR劳动争议经典管理案例 HR企业文化经典管理案例 -1
DEBUG: 9 HR劳动争议经典管理案例 HR实战学堂：劳动争议案例办理实务 -1
DEBUG: 10 HR劳动争议经典管理案例 HR员工激励经典管理案例 -1
DEBUG: 11 HR劳动争议经典管理案例 劳动争议典型案例解析 : —历史背后的经济学 -1
DEBUG: 12 HR劳动争议经典管理案例 北京市第二中级人民法院经典案例分类精解（劳动争议卷） -1
DEBUG: 13 HR劳动争议经典管理案例 最新劳动争议处理实务指引 : 常见问题、典型案例、实务操作、法规参考 -1
DEBUG: 14 HR劳动争议经典管理案例 走进经典案例教学 : 两堂管理案例课 8.6
DEBUG: 23.21% 12 56 复杂SOC设计
DEBUG: https://search.douban.com/book/subject_search?search_text=%E5%A4%8D%E6%9D%82SOC%E8%AE%BE%E8%AE%A1&cat=1001
DEBUG: 0 复杂SOC设计 复杂SOC设计 -1
DEBUG: 1 复杂SOC设计 复杂SoC设计 -1
DEBUG: 2 复杂SOC设计 系统架构 : 复杂系统的产品设计与开发 8.9
DEBUG: 3 复杂SOC设计 领域驱动设计 : 软件核心复杂性应对之道 9.1
DEBUG: 4 复杂SOC设计 领域驱动设计 : 软件核心复杂性应对之道 8
DEBUG: 5 复杂SOC设计 设计心理学2 : 如何管理复杂 7.8
DEBUG: 6 复杂SOC设计 设计模式 : 可复用面向对象软件的基础 9
DEBUG: 7 复杂SOC设计 系统思维 : 复杂商业系统的设计之道（原书第3版） 7.9
DEBUG: 8 复杂SOC设计 设计心理学2 : 与复杂共处 （修订版） 7.7
DEBUG: 9 复杂SOC设计 杂志设计的秘密 : 杂志设计的秘密 7.3
DEBUG: 10 复杂SOC设计 Design 360°观念与设计杂志 : Design 360°观念与设计杂志 8.8
DEBUG: 11 复杂SOC设计 北欧杂货私设计 7.2
DEBUG: 12 复杂SOC设计 计算复杂性 -1
DEBUG: 13 复杂SOC设计 计算复杂性 -1
DEBUG: 14 复杂SOC设计 杂志创意设计经典 7.8
DEBUG: 25.00% 13 56 计算机体系结构 : 计算机体系结构嵌入式方法
DEBUG: https://search.douban.com/book/subject_search?search_text=%E8%AE%A1%E7%AE%97%E6%9C%BA%E4%BD%93%E7%B3%BB%E7%BB%93%E6%9E%84%20%3A%20%E8%AE%A1%E7%AE%97%E6%9C%BA%E4%BD%93%E7%B3%BB%E7%BB%93%E6%9E%84%E5%B5%8C%E5%85%A5%E5%BC%8F%E6%96%B9%E6%B3%95&cat=1001
DEBUG: 0 计算机体系结构 : 计算机体系结构嵌入式方法 计算机体系结构 : 计算机体系结构嵌入式方法 -1
DEBUG: 1 计算机体系结构 : 计算机体系结构嵌入式方法 计算机体系结构 : 量化研究方法（第5版） 8.8
DEBUG: 2 计算机体系结构 : 计算机体系结构嵌入式方法 数字设计和计算机体系结构 8.7
DEBUG: 3 计算机体系结构 : 计算机体系结构嵌入式方法 计算机体系结构 : 量化研究方法（英文版·第5版） 9.5
DEBUG: 4 计算机体系结构 : 计算机体系结构嵌入式方法 计算机体系结构（英文版·第6版） : 量化研究方法 9.8
DEBUG: 5 计算机体系结构 : 计算机体系结构嵌入式方法 计算机体系结构 9.3
DEBUG: 6 计算机体系结构 : 计算机体系结构嵌入式方法 计算机体系结构：量化研究方法（第6版） : 量化研究方法 -1
DEBUG: 7 计算机体系结构 : 计算机体系结构嵌入式方法 汇编语言与计算机体系结构 9.5
DEBUG: 8 计算机体系结构 : 计算机体系结构嵌入式方法 计算机体系结构基础（第3版） 8.7
DEBUG: 9 计算机体系结构 : 计算机体系结构嵌入式方法 计算机组成与体系结构（原书第8版） : 性能设计 8.5
DEBUG: 10 计算机体系结构 : 计算机体系结构嵌入式方法 数字设计和计算机体系结构（原书第2版） 7.7
DEBUG: 11 计算机体系结构 : 计算机体系结构嵌入式方法 计算机体系结构 4.8
DEBUG: 12 计算机体系结构 : 计算机体系结构嵌入式方法 计算机组织与体系结构 7.9
DEBUG: 13 计算机体系结构 : 计算机体系结构嵌入式方法 计算机系统结构 : 量化研究方法 8.1
DEBUG: 14 计算机体系结构 : 计算机体系结构嵌入式方法 计算机体系结构精髓 -1
DEBUG: 26.79% 14 56 山中小记：圆霖长老随缘开示
DEBUG: https://search.douban.com/book/subject_search?search_text=%E5%B1%B1%E4%B8%AD%E5%B0%8F%E8%AE%B0%EF%BC%9A%E5%9C%86%E9%9C%96%E9%95%BF%E8%80%81%E9%9A%8F%E7%BC%98%E5%BC%80%E7%A4%BA&cat=1001
DEBUG: 0 山中小记：圆霖长老随缘开示 山中小记：圆霖长老随缘开示 -1
DEBUG: 28.57% 15 56 做个不骂孩子的妈妈 : 亲子语言沟通对错280句
DEBUG: https://search.douban.com/book/subject_search?search_text=%E5%81%9A%E4%B8%AA%E4%B8%8D%E9%AA%82%E5%AD%A9%E5%AD%90%E7%9A%84%E5%A6%88%E5%A6%88%20%3A%20%E4%BA%B2%E5%AD%90%E8%AF%AD%E8%A8%80%E6%B2%9F%E9%80%9A%E5%AF%B9%E9%94%99280%E5%8F%A5&cat=1001
DEBUG: 30.36% 16 56 程序设计方法（第2版）
DEBUG: https://search.douban.com/book/subject_search?search_text=%E7%A8%8B%E5%BA%8F%E8%AE%BE%E8%AE%A1%E6%96%B9%E6%B3%95%EF%BC%88%E7%AC%AC2%E7%89%88%EF%BC%89&cat=1001
DEBUG: 0 程序设计方法（第2版） 程序设计方法（第2版） -1
DEBUG: 1 程序设计方法（第2版） C语言程序设计：现代方法（第2版•修订版） : 现代方法 9.8
DEBUG: 2 程序设计方法（第2版） C++程序设计：思想与方法（第2版） 9.6
DEBUG: 3 程序设计方法（第2版） C语言程序设计：现代方法（第2版 • 修订版）习题解答 -1
DEBUG: 4 程序设计方法（第2版） C语言程序设计——理论、方法与实践（第2版） -1
DEBUG: 5 程序设计方法（第2版） C程序设计语言（第2版·新版） 9.4
DEBUG: 6 程序设计方法（第2版） 统计学习方法（第2版） 9.3
DEBUG: 7 程序设计方法（第2版） JavaScript高级程序设计（第3版） 9.2
DEBUG: 8 程序设计方法（第2版） JavaScript高级程序设计（第4版） 8.4
DEBUG: 9 程序设计方法（第2版） 计算机程序的构造和解释(原书第2版) 9.5
DEBUG: 10 程序设计方法（第2版） 计算机程序设计艺术・卷1 : 基本算法（第3版） 10
DEBUG: 11 程序设计方法（第2版） Linux程序设计 : 第4版 8.1
DEBUG: 12 程序设计方法（第2版） C语言程序设计 : 现代方法 9.4
DEBUG: 13 程序设计方法（第2版） C语言程序设计现代方法 : 现代方法 9.3
DEBUG: 14 程序设计方法（第2版） 实战Java高并发程序设计（第2版） 8.4
DEBUG: 32.14% 17 56 网络体系结构及设计
DEBUG: https://search.douban.com/book/subject_search?search_text=%E7%BD%91%E7%BB%9C%E4%BD%93%E7%B3%BB%E7%BB%93%E6%9E%84%E5%8F%8A%E8%AE%BE%E8%AE%A1&cat=1001
DEBUG: 0 网络体系结构及设计 网络体系结构及设计 -1
DEBUG: 1 网络体系结构及设计 数字设计和计算机体系结构 8.7
DEBUG: 2 网络体系结构及设计 Linux网络体系结构 6.9
DEBUG: 3 网络体系结构及设计 计算机组成与体系结构（原书第8版） : 性能设计 8.5
DEBUG: 4 网络体系结构及设计 数字设计和计算机体系结构（原书第2版） 7.7
DEBUG: 5 网络体系结构及设计 图解建筑结构 : 模式、体系与设计 8.8
DEBUG: 6 网络体系结构及设计 网络安全体系结构 -1
DEBUG: 7 网络体系结构及设计 对等网络 : 结构、应用与设计 7.7
DEBUG: 8 网络体系结构及设计 网络分析、体系结构与设计 -1
DEBUG: 9 网络体系结构及设计 数字设计和计算机体系结构 -1
DEBUG: 10 网络体系结构及设计 嵌入式Linux网络体系结构设计与TCP/IP协议栈 -1
DEBUG: 11 网络体系结构及设计 建筑结构体系与形态设计 7.6
DEBUG: 12 网络体系结构及设计 网络安全体系结构 -1
DEBUG: 13 网络体系结构及设计 计算机网络体系结构 : 计算机网络体系结构 -1
DEBUG: 14 网络体系结构及设计 计算机体系结构（网络版） -1
DEBUG: 33.93% 18 56 性能之巅（第2版）：系统、企业与云可观测性
DEBUG: https://search.douban.com/book/subject_search?search_text=%E6%80%A7%E8%83%BD%E4%B9%8B%E5%B7%85%EF%BC%88%E7%AC%AC2%E7%89%88%EF%BC%89%EF%BC%9A%E7%B3%BB%E7%BB%9F%E3%80%81%E4%BC%81%E4%B8%9A%E4%B8%8E%E4%BA%91%E5%8F%AF%E8%A7%82%E6%B5%8B%E6%80%A7&cat=1001
DEBUG: 0 性能之巅（第2版）：系统、企业与云可观测性 性能之巅（第2版）：系统、企业与云可观测性 -1
DEBUG: 35.71% 19 56 Web 2.0界面设计模式
DEBUG: https://search.douban.com/book/subject_search?search_text=Web%202.0%E7%95%8C%E9%9D%A2%E8%AE%BE%E8%AE%A1%E6%A8%A1%E5%BC%8F&cat=1001
DEBUG: 0 Web 2.0界面设计模式 Web 2.0界面设计模式 -1
DEBUG: 1 Web 2.0界面设计模式 界面设计模式（第2版） 8.6
DEBUG: 2 Web 2.0界面设计模式 界面设计模式 : Designing Interfaces（影印版） 8.5
DEBUG: 3 Web 2.0界面设计模式 精彩绝伦的Android UI设计 : 响应式用户界面与设计模式 7.4
DEBUG: 4 Web 2.0界面设计模式 用户行为模式分析与汽车界面设计研究 -1
DEBUG: 5 Web 2.0界面设计模式 用户界面设计与网页制作/高职高专信息技术类专业项目驱动模式规划教材 -1
DEBUG: 37.50% 20 56 怎样给孩子讲故事
DEBUG: https://search.douban.com/book/subject_search?search_text=%E6%80%8E%E6%A0%B7%E7%BB%99%E5%AD%A9%E5%AD%90%E8%AE%B2%E6%95%85%E4%BA%8B&cat=1001
DEBUG: 0 怎样给孩子讲故事 怎样给孩子讲故事 -1
DEBUG: 1 怎样给孩子讲故事 怎样给孩子讲故事 -1
DEBUG: 2 怎样给孩子讲故事 怎样给孩子讲故事 : 一万次空洞的说教，不如给孩子讲好一个故事 -1
DEBUG: 3 怎样给孩子讲故事 给孩子讲故事 -1
DEBUG: 4 怎样给孩子讲故事 故事知道怎么办2 : 给孩子的101个治疗故事 8.6
DEBUG: 5 怎样给孩子讲故事 给孩子讲中国历史故事 9.2
DEBUG: 6 怎样给孩子讲故事 给孩子讲宇宙的故事 -1
DEBUG: 7 怎样给孩子讲故事 讲给女孩子的故事(上下) (平装) 9.1
DEBUG: 8 怎样给孩子讲故事 你也可以成为故事高手 : 启发父母如何给孩子讲故事 9
DEBUG: 9 怎样给孩子讲故事 讲给女孩子的故事 -1
DEBUG: 10 怎样给孩子讲故事 给孩子讲点汉字故事 -1
DEBUG: 11 怎样给孩子讲故事 讲给男孩子的故事 -1
DEBUG: 12 怎样给孩子讲故事 冯骥才爷爷给孩子讲故事：珍珠鸟 7.9
DEBUG: 13 怎样给孩子讲故事 冯骥才爷爷给孩子讲故事：挑山工 -1
DEBUG: 14 怎样给孩子讲故事 冯骥才爷爷给孩子讲故事：泥人张 -1
DEBUG: 39.29% 21 56 老舍作品选读
DEBUG: https://search.douban.com/book/subject_search?search_text=%E8%80%81%E8%88%8D%E4%BD%9C%E5%93%81%E9%80%89%E8%AF%BB&cat=1001
DEBUG: 0 老舍作品选读 老舍作品选读 -1
DEBUG: 1 老舍作品选读 老舍和他的作品 7.6
DEBUG: 2 老舍作品选读 老舍谈写作与阅读 9.6
DEBUG: 3 老舍作品选读 茶馆 : 老舍作品名家插图系列 8.9
DEBUG: 4 老舍作品选读 老舍作品精选 8.5
DEBUG: 5 老舍作品选读 老舍剧作选 8.7
DEBUG: 6 老舍作品选读 老舍作品精选 : 老舍作品精选 -1
DEBUG: 7 老舍作品选读 老舍作品经典（上下卷） 9.3
DEBUG: 8 老舍作品选读 老舍作品新编 9
DEBUG: 9 老舍作品选读 老舍和他的作品 -1
DEBUG: 10 老舍作品选读 老舍经典作品选 -1
DEBUG: 11 老舍作品选读 老舍经典作品 9.1
DEBUG: 12 老舍作品选读 老舍作品選 -1
DEBUG: 13 老舍作品选读 老舍作品经典 9.2
DEBUG: 14 老舍作品选读 老舍作品集 -1
DEBUG: 41.07% 22 56 UNIX系统编程: 通信、并发与线程
DEBUG: https://search.douban.com/book/subject_search?search_text=UNIX%E7%B3%BB%E7%BB%9F%E7%BC%96%E7%A8%8B%3A%20%E9%80%9A%E4%BF%A1%E3%80%81%E5%B9%B6%E5%8F%91%E4%B8%8E%E7%BA%BF%E7%A8%8B&cat=1001
DEBUG: 0 UNIX系统编程: 通信、并发与线程 UNIX系统编程: 通信、并发与线程 -1
DEBUG: 42.86% 23 56 多处理器编程的艺术（原书第2版）
DEBUG: https://search.douban.com/book/subject_search?search_text=%E5%A4%9A%E5%A4%84%E7%90%86%E5%99%A8%E7%BC%96%E7%A8%8B%E7%9A%84%E8%89%BA%E6%9C%AF%EF%BC%88%E5%8E%9F%E4%B9%A6%E7%AC%AC2%E7%89%88%EF%BC%89&cat=1001
DEBUG: 0 多处理器编程的艺术（原书第2版） 多处理器编程的艺术（原书第2版） -1
DEBUG: 1 多处理器编程的艺术（原书第2版） 多处理器编程的艺术（英文版·原书第2版） -1
DEBUG: 2 多处理器编程的艺术（原书第2版） 多处理器编程的艺术 : 中文版 修订版 8.6
DEBUG: 3 多处理器编程的艺术（原书第2版） 多处理器编程的艺术 : 英文版·修订版 -1
DEBUG: 44.64% 24 56 好奇宝贝科学思维系列绘本：这是谁的牙齿
DEBUG: https://search.douban.com/book/subject_search?search_text=%E5%A5%BD%E5%A5%87%E5%AE%9D%E8%B4%9D%E7%A7%91%E5%AD%A6%E6%80%9D%E7%BB%B4%E7%B3%BB%E5%88%97%E7%BB%98%E6%9C%AC%EF%BC%9A%E8%BF%99%E6%98%AF%E8%B0%81%E7%9A%84%E7%89%99%E9%BD%BF&cat=1001
DEBUG: 0 好奇宝贝科学思维系列绘本：这是谁的牙齿 好奇宝贝科学思维系列绘本：这是谁的牙齿 -1
DEBUG: 1 好奇宝贝科学思维系列绘本：这是谁的牙齿 好奇宝贝科学思维系列绘本：谁咬了我的屁股 -1
DEBUG: 2 好奇宝贝科学思维系列绘本：这是谁的牙齿 好奇宝贝科学思维系列绘本：抢救透明小青蛙 -1
DEBUG: 3 好奇宝贝科学思维系列绘本：这是谁的牙齿 好奇宝贝科学思维系列绘本：造一条尾巴 -1
DEBUG: 46.43% 25 56 计算复杂性理论基础
DEBUG: https://search.douban.com/book/subject_search?search_text=%E8%AE%A1%E7%AE%97%E5%A4%8D%E6%9D%82%E6%80%A7%E7%90%86%E8%AE%BA%E5%9F%BA%E7%A1%80&cat=1001
DEBUG: 0 计算复杂性理论基础 计算复杂性理论基础 -1
DEBUG: 1 计算复杂性理论基础 复杂系统理论基础 8.1
DEBUG: 2 计算复杂性理论基础 计算复杂性导论 8.4
DEBUG: 3 计算复杂性理论基础 计算理论基础 9.1
DEBUG: 4 计算复杂性理论基础 计算理论基础 8.7
DEBUG: 5 计算复杂性理论基础 复杂网络基础理论 : 复杂网络基础理论 8.2
DEBUG: 6 计算复杂性理论基础 量子计算公开课 : 从德谟克利特、计算复杂性到自由意志 8.7
DEBUG: 7 计算复杂性理论基础 复杂性理论与教育问题 8.9
DEBUG: 8 计算复杂性理论基础 复杂性思维：物质、精神和人类的计算动力学 : 物质、精神和人类的计算动力学 8.3
DEBUG: 9 计算复杂性理论基础 描述复杂性 : 关于随机性的基础理论 -1
DEBUG: 10 计算复杂性理论基础 计算复杂性 -1
DEBUG: 11 计算复杂性理论基础 计算复杂性 -1
DEBUG: 12 计算复杂性理论基础 计算理论基础 -1
DEBUG: 13 计算复杂性理论基础 计算理论基础 : 计算理论基础 -1
DEBUG: 14 计算复杂性理论基础 计算理论基础 -1
DEBUG: 48.21% 26 56 明天要遠足
DEBUG: https://search.douban.com/book/subject_search?search_text=%E6%98%8E%E5%A4%A9%E8%A6%81%E9%81%A0%E8%B6%B3&cat=1001
DEBUG: 0 明天要遠足 明天要遠足 -1
DEBUG: 1 明天要遠足 明天要远足 : 花婆婆·方素珍·原创绘本馆 8.4
DEBUG: 2 明天要遠足 明天要远足 一年级上册 统编版语文教材配套阅读 课文作家作品系列 : 一年级上册 -1
DEBUG: 3 明天要遠足 明天要远足-晨诵10分钟-二年级.春夏卷-随书附精美摘抄本.内含 -1
DEBUG: 4 明天要遠足 与我十年长跑的女友明天要嫁人了 7.7
DEBUG: 5 明天要遠足 明天我要去冰岛 7.7
DEBUG: 6 明天要遠足 你要去相信，没有到不了的明天 6.8
DEBUG: 7 明天要遠足 向您告知，明天我们一家就要被杀 : 卢旺达大屠杀纪事 9
DEBUG: 8 明天要遠足 星期天早上的远足 7.8
DEBUG: 9 明天要遠足 明天要吃什麼？ 8.3
DEBUG: 10 明天要遠足 明天要出大事 -1
DEBUG: 11 明天要遠足 不好意思，我們明天要結婚 6.7
DEBUG: 12 明天要遠足 明天,我要和昨天的妳約會 7.4
DEBUG: 13 明天要遠足 愿你要的明天，如约而至：吉檀迦利 8.7
DEBUG: 14 明天要遠足 昨天的中国 : 了解昨天，就有可能看清明天要走的路 7.7
DEBUG: 50.00% 27 56 行为自动机研究 : 选择性综合神经模拟
DEBUG: https://search.douban.com/book/subject_search?search_text=%E8%A1%8C%E4%B8%BA%E8%87%AA%E5%8A%A8%E6%9C%BA%E7%A0%94%E7%A9%B6%20%3A%20%E9%80%89%E6%8B%A9%E6%80%A7%E7%BB%BC%E5%90%88%E7%A5%9E%E7%BB%8F%E6%A8%A1%E6%8B%9F&cat=1001
DEBUG: 51.79% 28 56 我们属龙
DEBUG: https://search.douban.com/book/subject_search?search_text=%E6%88%91%E4%BB%AC%E5%B1%9E%E9%BE%99&cat=1001
DEBUG: 0 我们属龙 我们属龙 -1
DEBUG: 1 我们属龙 不属于我们的世纪 8.3
DEBUG: 2 我们属龙 我不属于他们 6.4
DEBUG: 3 我们属龙 不属于我们的世纪 8.6
DEBUG: 4 我们属龙 他的国 : 只属于我们的独唱团 7.6
DEBUG: 5 我们属龙 为什么我们迷恋恐龙 8.1
DEBUG: 6 我们属龙 我不屬於他們 -1
DEBUG: 7 我们属龙 寻找卡夫卡 : 他属于我们每个时代 6
DEBUG: 8 我们属龙 属于我们的彩妆书 : ARORA实用彩妆大揭秘 7.4
DEBUG: 9 我们属龙 龙文明与我们 -1
DEBUG: 10 我们属龙 我属龙 -1
DEBUG: 11 我们属龙 我們的故事之專屬祕密 -1
DEBUG: 12 我们属龙 屬於我們的紀念 -1
DEBUG: 13 我们属龙 太空属于我们 -1
DEBUG: 14 我们属龙 太空属于我们 -1
DEBUG: 53.57% 29 56 Java Collections
DEBUG: https://search.douban.com/book/subject_search?search_text=Java%20Collections&cat=1001
DEBUG: 0 Java Collections Java Collections -1
DEBUG: 1 Java Collections Data Structures and the Java Collections Framework -1
DEBUG: 2 Java Collections Data Structures and the Java Collections Framework -1
DEBUG: 3 Java Collections Data Structures and the Java Collections Framework -1
DEBUG: 4 Java Collections Data Structures and the Java Collections Framework -1
DEBUG: 5 Java Collections Data Structures and the Java Collections Framework -1
DEBUG: 6 Java Collections Java Collections : An Introduction to Abstract Data Types, Data Structures and Algo -1
DEBUG: 7 Java Collections Data Structures in Java : From Abstract Data Types to the Java Collections Framework -1
DEBUG: 8 Java Collections Java Generics and Collections : Speed Up the Java Development Process 8.2
DEBUG: 9 Java Collections 97 Things Every Java Programmer Should Know : Collective Wisdom from the Experts -1
DEBUG: 10 Java Collections Shipping and Trade in the Java Sea Region, 1870-1940 : A Collection of Statistics on the Major Java Sea Ports -1
DEBUG: 11 Java Collections de Dierlijke Vijanden Der Koffiecultuur Op Java -1
DEBUG: 12 Java Collections Annulosa Javanica, Or, an Attempt to Illustrate the Natural Affinities and Analogies of the Insects Collected in Java by Thomas Horsfield ... and Depo -1
DEBUG: 13 Java Collections de Dierlijke Vijanden Der Koffiecultuur Op Java -1
DEBUG: 14 Java Collections Annulosa Javanica, Or, an Attempt to Illustrate the Natural Affinities and Analogies of the Insects Collected in Java by Thomas Horsfield and -1
DEBUG: 55.36% 30 56 思维规律的研究
DEBUG: https://search.douban.com/book/subject_search?search_text=%E6%80%9D%E7%BB%B4%E8%A7%84%E5%BE%8B%E7%9A%84%E7%A0%94%E7%A9%B6&cat=1001
DEBUG: 0 思维规律的研究 思维规律的研究 -1
DEBUG: 1 思维规律的研究 聚焦思维规则的法律方法研究 -1
DEBUG: 2 思维规律的研究 英语听力学习的思维规律与方法 -1
DEBUG: 3 思维规律的研究 肖星的财务思维课 : 看懂财富流转的规律 8.2
DEBUG: 4 思维规律的研究 中国思维的根系 : 研究笔记 8.3
DEBUG: 5 思维规律的研究 思维 : 批判性和创造性思维的跨学科研究（第四版） 8.2
DEBUG: 6 思维规律的研究 小集团思维 : 决策及其失败的心理学研究 7.5
DEBUG: 7 思维规律的研究 科学研究的方法 : 论文写作的逻辑思维 8.4
DEBUG: 8 思维规律的研究 代孕规制的法律问题研究 8
DEBUG: 9 思维规律的研究 理解社会研究——批判性思维的利器 9
DEBUG: 10 思维规律的研究 社会科学研究的思维要素 7.6
DEBUG: 11 思维规律的研究 法律思维研究 -1
DEBUG: 12 思维规律的研究 思维的认知哲学研究 -1
DEBUG: 13 思维规律的研究 缠绕的诗学 : 德勒兹思维方法研究 8.4
DEBUG: 14 思维规律的研究 法律与现代人的命运 : 马克斯.韦伯法律思想研究导论 8.2
DEBUG: 57.14% 31 56 黑客大曝光 : Web应用安全机密与解决方案（第2版）
DEBUG: https://search.douban.com/book/subject_search?search_text=%E9%BB%91%E5%AE%A2%E5%A4%A7%E6%9B%9D%E5%85%89%20%3A%20Web%E5%BA%94%E7%94%A8%E5%AE%89%E5%85%A8%E6%9C%BA%E5%AF%86%E4%B8%8E%E8%A7%A3%E5%86%B3%E6%96%B9%E6%A1%88%EF%BC%88%E7%AC%AC2%E7%89%88%EF%BC%89&cat=1001
DEBUG: 0 黑客大曝光 : Web应用安全机密与解决方案（第2版） 黑客大曝光 : Web应用安全机密与解决方案（第2版） -1
DEBUG: 1 黑客大曝光 : Web应用安全机密与解决方案（第2版） 黑客大曝光 : 网络安全机密与解决方案：第7版 8.1
DEBUG: 2 黑客大曝光 : Web应用安全机密与解决方案（第2版） 黑客大曝光（第6版） : 网络安全机密与解决方案 7.7
DEBUG: 58.93% 32 56 学会跟孩子说话
DEBUG: https://search.douban.com/book/subject_search?search_text=%E5%AD%A6%E4%BC%9A%E8%B7%9F%E5%AD%A9%E5%AD%90%E8%AF%B4%E8%AF%9D&cat=1001
DEBUG: 0 学会跟孩子说话 学会跟孩子说话 -1
DEBUG: 1 学会跟孩子说话 学会跟孩子说话 -1
DEBUG: 2 学会跟孩子说话 学会跟孩子说话 : 好家长操作实务 -1
DEBUG: 3 学会跟孩子说话 学会对孩子说话 : 80 句父母最该说与最不该说的话 -1
DEBUG: 4 学会跟孩子说话 话说对了，孩子就会听了 8.4
DEBUG: 5 学会跟孩子说话 这样跟孩子说话最有效 8
DEBUG: 6 学会跟孩子说话 当了妈妈后 重新学说话 : 妈妈说话的方式，决定孩子的未来 8.7
DEBUG: 7 学会跟孩子说话 正向管教 : 好好跟孩子说话 8.4
DEBUG: 8 学会跟孩子说话 让孩子学会说“不” 8.3
DEBUG: 9 学会跟孩子说话 话说对了，孩子就会听了 8.2
DEBUG: 10 学会跟孩子说话 学会听领导讲话 学会跟领导说话 -1
DEBUG: 11 学会跟孩子说话 父母会说话孩子才听话 -1
DEBUG: 12 学会跟孩子说话 怎样学会和孩子说话 -1
DEBUG: 13 学会跟孩子说话 不会说话的孩子想“说”什么 : 破解孩子情绪的9个密码 -1
DEBUG: 14 学会跟孩子说话 这样跟孩子说话，孩子最不会抵触 -1
DEBUG: 60.71% 33 56 明日边缘
DEBUG: https://search.douban.com/book/subject_search?search_text=%E6%98%8E%E6%97%A5%E8%BE%B9%E7%BC%98&cat=1001
DEBUG: 0 明日边缘 明日边缘 : 明日边缘1/明日边缘2 -1
DEBUG: 1 明日边缘 明日边缘 -1
DEBUG: 2 明日边缘 BJ单身日记 2 : 理性边缘 8.1
DEBUG: 3 明日边缘 看不见的殖民边缘 : 日治台湾边缘史读本 -1
DEBUG: 4 明日边缘 中心与边缘 : 东亚文明的互动与传播 7.2
DEBUG: 5 明日边缘 旅行在文明的边缘 -1
DEBUG: 6 明日边缘 边缘日记(DVD) -1
DEBUG: 7 明日边缘 邊緣地帶 : 日本雙葉社正式授權臺灣中文版 8.7
DEBUG: 8 明日边缘 中心与边缘 : 东西文明的互动与传播 -1
DEBUG: 9 明日边缘 阿狸·次日边缘 -1
DEBUG: 10 明日边缘 我在明星身邊的日子：掀開明星底牌 -1
DEBUG: 11 明日边缘 《明日邊界》電影原著小說AL -1
DEBUG: 12 明日边缘 鲁靖日记生死边缘蜀地168 -1
DEBUG: 13 明日边缘 中心与边缘 : 明清以来江南市镇经济社会转型研究 6.3
DEBUG: 14 明日边缘 边缘行走 : 周晓明自选集 -1
DEBUG: 62.50% 34 56 第一性－女人的天賦正在改變世界
DEBUG: https://search.douban.com/book/subject_search?search_text=%E7%AC%AC%E4%B8%80%E6%80%A7%EF%BC%8D%E5%A5%B3%E4%BA%BA%E7%9A%84%E5%A4%A9%E8%B3%A6%E6%AD%A3%E5%9C%A8%E6%94%B9%E8%AE%8A%E4%B8%96%E7%95%8C&cat=1001
DEBUG: 0 第一性－女人的天賦正在改變世界 第一性－女人的天賦正在改變世界 -1
DEBUG: 1 第一性－女人的天賦正在改變世界 当你按下RESET键 : 如果時光能夠倒轉… 如果人生能夠重來… 如果讓妳重新來過，妳想改變 -1
DEBUG: 64.29% 35 56 Linux服务器架设、性能调优、集群管理教程 : 实训与项目案例
DEBUG: https://search.douban.com/book/subject_search?search_text=Linux%E6%9C%8D%E5%8A%A1%E5%99%A8%E6%9E%B6%E8%AE%BE%E3%80%81%E6%80%A7%E8%83%BD%E8%B0%83%E4%BC%98%E3%80%81%E9%9B%86%E7%BE%A4%E7%AE%A1%E7%90%86%E6%95%99%E7%A8%8B%20%3A%20%E5%AE%9E%E8%AE%AD%E4%B8%8E%E9%A1%B9%E7%9B%AE%E6%A1%88%E4%BE%8B&cat=1001
DEBUG: 0 Linux服务器架设、性能调优、集群管理教程 : 实训与项目案例 Linux服务器架设、性能调优、集群管理教程 : 实训与项目案例 -1
DEBUG: 66.07% 36 56 不对称陷阱 : 當別人的風險變成你的風險，如何解決隱藏在生活中的不對等困境
DEBUG: https://search.douban.com/book/subject_search?search_text=%E4%B8%8D%E5%AF%B9%E7%A7%B0%E9%99%B7%E9%98%B1%20%3A%20%E7%95%B6%E5%88%A5%E4%BA%BA%E7%9A%84%E9%A2%A8%E9%9A%AA%E8%AE%8A%E6%88%90%E4%BD%A0%E7%9A%84%E9%A2%A8%E9%9A%AA%EF%BC%8C%E5%A6%82%E4%BD%95%E8%A7%A3%E6%B1%BA%E9%9A%B1%E8%97%8F%E5%9C%A8%E7%94%9F%E6%B4%BB%E4%B8%AD%E7%9A%84%E4%B8%8D%E5%B0%8D%E7%AD%89%E5%9B%B0%E5%A2%83&cat=1001
DEBUG: 0 不对称陷阱 : 當別人的風險變成你的風險，如何解決隱藏在生活中的不對等困境 不对称陷阱 : 當別人的風險變成你的風險，如何解決隱藏在生活中的不對等困境 -1
DEBUG: 67.86% 37 56 认识大脑开发大脑 : 认识大脑开发大脑
DEBUG: https://search.douban.com/book/subject_search?search_text=%E8%AE%A4%E8%AF%86%E5%A4%A7%E8%84%91%E5%BC%80%E5%8F%91%E5%A4%A7%E8%84%91%20%3A%20%E8%AE%A4%E8%AF%86%E5%A4%A7%E8%84%91%E5%BC%80%E5%8F%91%E5%A4%A7%E8%84%91&cat=1001
DEBUG: 0 认识大脑开发大脑 : 认识大脑开发大脑 认识大脑开发大脑 : 认识大脑开发大脑 -1
DEBUG: 1 认识大脑开发大脑 : 认识大脑开发大脑 脑内革命 第一卷:重新认识、开发、利用你的大脑 : 重新认识、开发、利用你的大脑--第一卷的新描述 7.8
DEBUG: 2 认识大脑开发大脑 : 认识大脑开发大脑 大脑通信员 : 认识你的神经递质 7.6
DEBUG: 3 认识大脑开发大脑 : 认识大脑开发大脑 《大脑开发秘册》 6.7
DEBUG: 4 认识大脑开发大脑 : 认识大脑开发大脑 它们没大脑，但它们有智能 : 植物智能的认识史 8.1
DEBUG: 5 认识大脑开发大脑 : 认识大脑开发大脑 學生為什麼不喜歡上學？ : 認知心理學家解開大腦學習的運作結構，原來大腦喜歡這樣學 9.7
DEBUG: 6 认识大脑开发大脑 : 认识大脑开发大脑 神奇的大脑 : 大脑潜能开发手册 7.8
DEBUG: 7 认识大脑开发大脑 : 认识大脑开发大脑 让孩子受益一生的大脑开发课 : 用脑科学培养你家的小学霸 8.7
DEBUG: 8 认识大脑开发大脑 : 认识大脑开发大脑 认知、大脑和意识 : 认知神经科学导论 9
DEBUG: 9 认识大脑开发大脑 : 认识大脑开发大脑 脑洞大开的冷门知识 5.4
DEBUG: 10 认识大脑开发大脑 : 认识大脑开发大脑 开发你的大脑 -1
DEBUG: 11 认识大脑开发大脑 : 认识大脑开发大脑 大脑潜能开发 : 脑灵有术66妙招 -1
DEBUG: 12 认识大脑开发大脑 : 认识大脑开发大脑 脑洞大开的神奇知识 5.1
DEBUG: 13 认识大脑开发大脑 : 认识大脑开发大脑 認知發展 : 好學的大腦 -1
DEBUG: 14 认识大脑开发大脑 : 认识大脑开发大脑 0-1岁聪明宝宝左脑右脑大开发 7.2
DEBUG: 69.64% 38 56 名画之谜 : 51幅世界杰作的秘密
DEBUG: https://search.douban.com/book/subject_search?search_text=%E5%90%8D%E7%94%BB%E4%B9%8B%E8%B0%9C%20%3A%2051%E5%B9%85%E4%B8%96%E7%95%8C%E6%9D%B0%E4%BD%9C%E7%9A%84%E7%A7%98%E5%AF%86&cat=1001
DEBUG: 0 名画之谜 : 51幅世界杰作的秘密 名画之谜 : 51幅世界杰作的秘密 -1
DEBUG: 1 名画之谜 : 51幅世界杰作的秘密 梵谷为什么是大师梵谷？ : 畫上的簽名並不是畫家的唯一簽字 經由這套紐約的「大都會博物館」 -1
DEBUG: 71.43% 39 56 Java I/O (O'Reilly Java)
DEBUG: https://search.douban.com/book/subject_search?search_text=Java%20I%2FO%20(O'Reilly%20Java)&cat=1001
DEBUG: 0 Java I/O (O'Reilly Java) Java I/O (O'Reilly Java) -1
DEBUG: 1 Java I/O (O'Reilly Java) Java I/O : Tips and Techniques for Putting I/O to Work 7.7
DEBUG: 2 Java I/O (O'Reilly Java) Java网络编程(中文版 第三版)(O＇Reilly Java系列) 7.6
DEBUG: 3 Java I/O (O'Reilly Java) Java核心技术·卷 I（原书第10版） : 基础知识 8.1
DEBUG: 4 Java I/O (O'Reilly Java) Java核心技术·卷I（原书第12版） : 开发基础 9.8
DEBUG: 5 Java I/O (O'Reilly Java) Java Distributed Computing (O'Reilly Java) -1
DEBUG: 6 Java I/O (O'Reilly Java) Java Network Programming (Java (O'Reilly)) -1
DEBUG: 7 Java I/O (O'Reilly Java) Java核心技术·卷 I（原书第11版） : 基础知识 9.1
DEBUG: 8 Java I/O (O'Reilly Java) Java and XSLT (O'Reilly Java) -1
DEBUG: 9 Java I/O (O'Reilly Java) Java I/O, NIO and NIO.2 -1
DEBUG: 10 Java I/O (O'Reilly Java) JAVA 2核心技术 卷Ⅰ : 基础知识 8.7
DEBUG: 11 Java I/O (O'Reilly Java) Core Java, Volume I--Fundamentals : 8th Edition 9.1
DEBUG: 12 Java I/O (O'Reilly Java) Core Java, Volume I (9th Edition) : Fundamentals 8.6
DEBUG: 13 Java I/O (O'Reilly Java) Core Java, Volume I (10th Edition) : Fundamentals 9.4
DEBUG: 14 Java I/O (O'Reilly Java) J2ME in a Nutshell (O'Reilly Java) -1
DEBUG: 73.21% 40 56 強勢領導的迷思 : 從林肯到歐巴馬，我們到底想要哪一種政治領袖？
DEBUG: https://search.douban.com/book/subject_search?search_text=%E5%BC%B7%E5%8B%A2%E9%A0%98%E5%B0%8E%E7%9A%84%E8%BF%B7%E6%80%9D%20%3A%20%E5%BE%9E%E6%9E%97%E8%82%AF%E5%88%B0%E6%AD%90%E5%B7%B4%E9%A6%AC%EF%BC%8C%E6%88%91%E5%80%91%E5%88%B0%E5%BA%95%E6%83%B3%E8%A6%81%E5%93%AA%E4%B8%80%E7%A8%AE%E6%94%BF%E6%B2%BB%E9%A0%98%E8%A2%96%EF%BC%9F&cat=1001
DEBUG: 0 強勢領導的迷思 : 從林肯到歐巴馬，我們到底想要哪一種政治領袖？ 強勢領導的迷思 : 從林肯到歐巴馬，我們到底想要哪一種政治領袖？ -1
DEBUG: 75.00% 41 56 Web Hacking : Attacks and Defense
DEBUG: https://search.douban.com/book/subject_search?search_text=Web%20Hacking%20%3A%20Attacks%20and%20Defense&cat=1001
DEBUG: 0 Web Hacking : Attacks and Defense Web Hacking : Attacks and Defense -1
DEBUG: 1 Web Hacking : Attacks and Defense SQL注入攻击与防御 7.6
DEBUG: 2 Web Hacking : Attacks and Defense SQL Injection Attacks and Defense 7.5
DEBUG: 3 Web Hacking : Attacks and Defense SQL注入攻击与防御（第2版） 8.5
DEBUG: 4 Web Hacking : Attacks and Defense Counter Hack Reloaded : A Step-by-Step Guide to Computer Attacks and Effective Defenses -1
DEBUG: 5 Web Hacking : Attacks and Defense Cross Site Scripting Attacks : Xss Exploits and Defense 7.5
DEBUG: 6 Web Hacking : Attacks and Defense Hacking VoIP : Protocols, Attacks, and Countermeasures -1
DEBUG: 7 Web Hacking : Attacks and Defense Hacking Web Intelligence : Open Source Intelligence and Web Reconnaissance Concepts and Tec -1
DEBUG: 8 Web Hacking : Attacks and Defense 黑客新型攻击防范 : 深入剖析犯罪软件 7.4
DEBUG: 9 Web Hacking : Attacks and Defense Web应用漏洞侦测与防御 : 揭秘鲜为人知的攻击手段和防御技术 -1
DEBUG: 10 Web Hacking : Attacks and Defense Hacking Exposed Web 2.0 : Web 2.0 Security Secrets and Solutions -1
DEBUG: 11 Web Hacking : Attacks and Defense Mobile Malware Attacks and Defense -1
DEBUG: 12 Web Hacking : Attacks and Defense The Basics of Web Hacking : Tools and Techniques to Attack the Web -1
DEBUG: 13 Web Hacking : Attacks and Defense SQL Injection Attacks and Defense : 2nd Edition -1
DEBUG: 14 Web Hacking : Attacks and Defense Hacking Kubernetes : Threat-Driven Analysis and Defense -1
DEBUG: 76.79% 42 56 运动改变大脑
DEBUG: https://search.douban.com/book/subject_search?search_text=%E8%BF%90%E5%8A%A8%E6%94%B9%E5%8F%98%E5%A4%A7%E8%84%91&cat=1001
DEBUG: 0 运动改变大脑 运动改变大脑 -1
DEBUG: 1 运动改变大脑 运动改造大脑 7.6
DEBUG: 2 运动改变大脑 启蒙 : 思想运动如何改变世界 8.7
DEBUG: 3 运动改变大脑 禪與腦：開悟如何改變大腦的運作 8.8
DEBUG: 4 运动改变大脑 神奇的连接组 : 你的大脑可以改变 8.4
DEBUG: 5 运动改变大脑 大脑可以改变 : 大 脑 健 康 指 南 7.4
DEBUG: 6 运动改变大脑 改变大脑的灵性力量 6.9
DEBUG: 7 运动改变大脑 元认知：改变大脑的顽固思维 : 改变大脑顽固思维、解决负面情绪和实际问题的自助技巧 6.5
DEBUG: 8 运动改变大脑 伟大的共存 : 改变人类历史的8个动物伙伴 -1
DEBUG: 9 运动改变大脑 運動改造大腦 : IQ和EQ大進步的關鍵 -1
DEBUG: 10 运动改变大脑 運動改造大腦（三版） -1
DEBUG: 11 运动改变大脑 大脑整理术 : 改变人生.从改变大脑开始 6
DEBUG: 12 运动改变大脑 动起来更聪明 : 运动改造大脑（亲子版） 5.5
DEBUG: 13 运动改变大脑 劫持 : 手机、电脑、游戏和社交媒体如何改变我们的大脑、行为与进化 7.3
DEBUG: 14 运动改变大脑 运动大脑 : 神经科学助你提升运动技能 8.1
DEBUG: 78.57% 43 56 数字设计原理与实践
DEBUG: https://search.douban.com/book/subject_search?search_text=%E6%95%B0%E5%AD%97%E8%AE%BE%E8%AE%A1%E5%8E%9F%E7%90%86%E4%B8%8E%E5%AE%9E%E8%B7%B5&cat=1001
DEBUG: 0 数字设计原理与实践 数字设计原理与实践 -1
DEBUG: 1 数字设计原理与实践 数字设计 : ：原理与实践（原书第4版） 7.6
DEBUG: 2 数字设计原理与实践 数字设计原理与实践 : （第4版·本科教学版） -1
DEBUG: 3 数字设计原理与实践 数字设计：原理与实践（原书第5版） : 计算机科学丛书 -1
DEBUG: 4 数字设计原理与实践 数字设计：原理与实践（英文版 第5版） : 国外电子与电气工程技术丛书 -1
DEBUG: 5 数字设计原理与实践 视觉可用性 : 数字产品设计的原理与实践 6.3
DEBUG: 6 数字设计原理与实践 Verilog HDL数字系统设计原理与实践 -1
DEBUG: 7 数字设计原理与实践 数字电路原理设计与实践教程 -1
DEBUG: 8 数字设计原理与实践 深入理解Kafka：核心设计与实践原理 8.9
DEBUG: 9 数字设计原理与实践 C++程序设计原理与实践 8.9
DEBUG: 10 数字设计原理与实践 领域驱动设计模式、原理与实践 7.9
DEBUG: 11 数字设计原理与实践 深度学习原理与实践 9.7
DEBUG: 12 数字设计原理与实践 大数据处理框架Apache Spark设计与实现（全彩） 9.3
DEBUG: 13 数字设计原理与实践 数据可视化分析：Tableau原理与实践 7.9
DEBUG: 14 数字设计原理与实践 媒介、社会与世界 : 社会理论与数字媒介实践 7
DEBUG: 80.36% 44 56 管理：使命、责任、实践（使命篇）
DEBUG: https://search.douban.com/book/subject_search?search_text=%E7%AE%A1%E7%90%86%EF%BC%9A%E4%BD%BF%E5%91%BD%E3%80%81%E8%B4%A3%E4%BB%BB%E3%80%81%E5%AE%9E%E8%B7%B5%EF%BC%88%E4%BD%BF%E5%91%BD%E7%AF%87%EF%BC%89&cat=1001
DEBUG: 0 管理：使命、责任、实践（使命篇） 管理：使命、责任、实践（使命篇） -1
DEBUG: 1 管理：使命、责任、实践（使命篇） 管理：使命、责任、实践（实践篇） 8.4
DEBUG: 2 管理：使命、责任、实践（使命篇） 管理：使命、责任、实践（责任篇） -1
DEBUG: 3 管理：使命、责任、实践（使命篇） 管理 : 使命、责任、实务（使命篇） 9.1
DEBUG: 4 管理：使命、责任、实践（使命篇） 管理：使命、责任、实务（实务篇） 9.1
DEBUG: 5 管理：使命、责任、实践（使命篇） 管理：使命、责任、实务(使命篇) : 使命、责任、实务 9
DEBUG: 6 管理：使命、责任、实践（使命篇） 管理：使命、责任、实务（责任篇） 8.9
DEBUG: 7 管理：使命、责任、实践（使命篇） 管理 : 使命、责任、实务（实务篇） 9.2
DEBUG: 8 管理：使命、责任、实践（使命篇） 管理 : 使命、责任、实务（责任篇） 8.6
DEBUG: 9 管理：使命、责任、实践（使命篇） 管理 : 使命.责任.实务 9
DEBUG: 10 管理：使命、责任、实践（使命篇） 管理:使命、责任、实务(实务篇)(中英文双语典藏版) -1
DEBUG: 11 管理：使命、责任、实践（使命篇） 极简德鲁克 : 一口气读完管理的使命、责任、实务、实践 6.7
DEBUG: 12 管理：使命、责任、实践（使命篇） 大战略家：使命管理及其最佳实践 -1
DEBUG: 13 管理：使命、责任、实践（使命篇） 管理者的责任与使命 : 任正非谈管理 第2版 -1
DEBUG: 14 管理：使命、责任、实践（使命篇） 责任与使命 : 大学捐赠基金投资风险管理研究 -1
DEBUG: 82.14% 45 56 兰海说成长 : 懂得孩子，才能更好帮助孩子
DEBUG: https://search.douban.com/book/subject_search?search_text=%E5%85%B0%E6%B5%B7%E8%AF%B4%E6%88%90%E9%95%BF%20%3A%20%E6%87%82%E5%BE%97%E5%AD%A9%E5%AD%90%EF%BC%8C%E6%89%8D%E8%83%BD%E6%9B%B4%E5%A5%BD%E5%B8%AE%E5%8A%A9%E5%AD%A9%E5%AD%90&cat=1001
DEBUG: 0 兰海说成长 : 懂得孩子，才能更好帮助孩子 兰海说成长 : 懂得孩子，才能更好帮助孩子 -1
DEBUG: 83.93% 46 56 開發精確的思考
DEBUG: https://search.douban.com/book/subject_search?search_text=%E9%96%8B%E7%99%BC%E7%B2%BE%E7%A2%BA%E7%9A%84%E6%80%9D%E8%80%83&cat=1001
DEBUG: 0 開發精確的思考 開發精確的思考 -1
DEBUG: 1 開發精確的思考 開發精確的思考‧新編 -1
DEBUG: 2 開發精確的思考 简单之美 : 软件开发实践者的思考 7.4
DEBUG: 3 開發精確的思考 民间资本白皮书 : 关于西部大开发的战略思考 6.4
DEBUG: 4 開發精確的思考 精益产品开发的本质思考 A3思维在开发前期的应用 -1
DEBUG: 5 開發精確的思考 请用数据说话 : 关于理性思考、精确表达的44堂数据思维训练课 6.3
DEBUG: 6 開發精確的思考 "大发现"的思考法 : 两位诺贝尔奖得主的公开课 -1
DEBUG: 7 開發精確的思考 实施西部大开发的战略思考 -1
DEBUG: 8 開發精確的思考 校本开发的实践与思考 -1
DEBUG: 9 開發精確的思考 精實創新 : 快思慢決的開發技術 -1
DEBUG: 10 開發精確的思考 欠发达地区资源开发补偿机制若干问题的思考 -1
DEBUG: 11 開發精確的思考 开发本土石油资源的另类思考 -1
DEBUG: 12 開發精確的思考 思考力：人生思维课（有逻辑地思考，有效率地做事，才是打开人生的正确方式！） -1
DEBUG: 13 開發精確的思考 开放式服务创新 : 新形势下企业生存与发展的再思考 -1
DEBUG: 14 開發精確的思考 开发本土石油资源的另类思考 -1
DEBUG: 85.71% 47 56 環境理性與制度抉擇
DEBUG: https://search.douban.com/book/subject_search?search_text=%E7%92%B0%E5%A2%83%E7%90%86%E6%80%A7%E8%88%87%E5%88%B6%E5%BA%A6%E6%8A%89%E6%93%87&cat=1001
DEBUG: 0 環境理性與制度抉擇 環境理性與制度抉擇 -1
DEBUG: 1 環境理性與制度抉擇 环境法的正当性与制度选择 -1
DEBUG: 2 環境理性與制度抉擇 理性选择与制度实施 -1
DEBUG: 3 環境理性與制度抉擇 风险与理性 : ：安全、法律及环境 7.3
DEBUG: 4 環境理性與制度抉擇 环境法的理念更新与制度重构 -1
DEBUG: 5 環境理性與制度抉擇 环境规制与裁量理性 -1
DEBUG: 6 環境理性與制度抉擇 理性与制度 : 政府治理工具的选择 -1
DEBUG: 7 環境理性與制度抉擇 危机下的抉择 : 国内政治与汇率制度选择 -1
DEBUG: 8 環境理性與制度抉擇 环境、伦理与诉讼 : ——从技术到制度的环境司法学 -1
DEBUG: 9 環境理性與制度抉擇 制度环境与审计独立性 -1
DEBUG: 10 環境理性與制度抉擇 制度理性与社会秩序 -1
DEBUG: 11 環境理性與制度抉擇 制度环境、制度变迁与决策有用性 -1
DEBUG: 12 環境理性與制度抉擇 外国环境公共治理：理论、制度与模式 -1
DEBUG: 13 環境理性與制度抉擇 普通高中教科书 历史 选择性必修1 国家制度与社会治理 7.1
DEBUG: 14 環境理性與制度抉擇 城市设计运作的制度与制度环境 -1
DEBUG: 87.50% 48 56 民族进化的心理定律
DEBUG: https://search.douban.com/book/subject_search?search_text=%E6%B0%91%E6%97%8F%E8%BF%9B%E5%8C%96%E7%9A%84%E5%BF%83%E7%90%86%E5%AE%9A%E5%BE%8B&cat=1001
DEBUG: 0 民族进化的心理定律 民族进化的心理定律 -1
DEBUG: 1 民族进化的心理定律 民族进化的心理定律 -1
DEBUG: 2 民族进化的心理定律 艺术心理与有意识大脑的进化 8.8
DEBUG: 3 民族进化的心理定律 你不可不知的80个心理定律 6.3
DEBUG: 4 民族进化的心理定律 改变人类生活的心理定律全集 6.8
DEBUG: 5 民族进化的心理定律 影响生活的77条心理定律 6.4
DEBUG: 6 民族进化的心理定律 奉献 : 无私行为的进化和心理 -1
DEBUG: 7 民族进化的心理定律 你不可不知的60个心理定律 5.8
DEBUG: 8 民族进化的心理定律 你不可不知的88个心理定律 7
DEBUG: 9 民族进化的心理定律 改变命运的30条心理定律 -1
DEBUG: 10 民族进化的心理定律 民族交往心理的跨文化研究 -1
DEBUG: 11 民族进化的心理定律 不可不知的73条心理定律 -1
DEBUG: 12 民族进化的心理定律 边疆民族心理文化特征与社会稳定调查研究 -1
DEBUG: 13 民族进化的心理定律 大团圆——一种复杂的民族心理映射 -1
DEBUG: 14 民族进化的心理定律 心理定律论 : 人类本性的科学还原 -1
DEBUG: 89.29% 49 56 Linux嵌入式系统高级程序设计
DEBUG: https://search.douban.com/book/subject_search?search_text=Linux%E5%B5%8C%E5%85%A5%E5%BC%8F%E7%B3%BB%E7%BB%9F%E9%AB%98%E7%BA%A7%E7%A8%8B%E5%BA%8F%E8%AE%BE%E8%AE%A1&cat=1001
DEBUG: 0 Linux嵌入式系统高级程序设计 Linux嵌入式系统高级程序设计 -1
DEBUG: 1 Linux嵌入式系统高级程序设计 嵌入式系统的C程序设计 -1
DEBUG: 2 Linux嵌入式系统高级程序设计 嵌入式系统接口设计与Linux驱动程序开发 -1
DEBUG: 3 Linux嵌入式系统高级程序设计 Linux高级程序设计 7.2
DEBUG: 4 Linux嵌入式系统高级程序设计 嵌入式系统程序设计 -1
DEBUG: 5 Linux嵌入式系统高级程序设计 基于嵌入式实时操作系统的程序设计技术 8.6
DEBUG: 6 Linux嵌入式系统高级程序设计 Linux高级程序设计 7.5
DEBUG: 7 Linux嵌入式系统高级程序设计 嵌入式系统的微模块化程序设计 : 实用状态图C/C++实现 -1
DEBUG: 8 Linux嵌入式系统高级程序设计 基于嵌入式实时操作系统的程序设计技术 -1
DEBUG: 9 Linux嵌入式系统高级程序设计 Linux高级程序设计 7
DEBUG: 10 Linux嵌入式系统高级程序设计 Linux高级程序设计 -1
DEBUG: 11 Linux嵌入式系统高级程序设计 嵌入式操作系统原理与面向任务程序设计 -1
DEBUG: 12 Linux嵌入式系统高级程序设计 嵌入式系统开发基础 : —基于ARM9微处理器C语言程序设计 -1
DEBUG: 13 Linux嵌入式系统高级程序设计 嵌入式操作系统开发与应用程序设计 -1
DEBUG: 14 Linux嵌入式系统高级程序设计 嵌入式Linux系统软硬件综合设计实训教程 -1
DEBUG: 91.07% 50 56 简素 : 日本文化的底色
DEBUG: https://search.douban.com/book/subject_search?search_text=%E7%AE%80%E7%B4%A0%20%3A%20%E6%97%A5%E6%9C%AC%E6%96%87%E5%8C%96%E7%9A%84%E5%BA%95%E8%89%B2&cat=1001
DEBUG: 0 简素 : 日本文化的底色 简素 : 日本文化的底色 -1
DEBUG: 1 简素 : 日本文化的底色 简素 : 日本文化的根本 7.3
DEBUG: 2 简素 : 日本文化的底色 日本文化中的性角色 7.3
DEBUG: 3 简素 : 日本文化的底色 简素的精神 : 日本文化的根本 -1
DEBUG: 4 简素 : 日本文化的底色 日本人的生活祕密-用最簡單的日文看懂日本文化的表裏差異 : 用最簡單的日文看懂日本文化的表裏差異 -1
DEBUG: 5 简素 : 日本文化的底色 裸 : 劉黎兒的日本情色文化觀察 7.5
DEBUG: 6 简素 : 日本文化的底色 當日本A片遇上華人慾望 : 性別、性相、色情品的文化理論 7.7
DEBUG: 7 简素 : 日本文化的底色 扶桑汉方的春晖秋色 : 日本传统医学与文化 8.5
DEBUG: 8 简素 : 日本文化的底色 日本文化遗产旅游发展的制度因素分析 -1
DEBUG: 9 简素 : 日本文化的底色 最美的日本文化名詞學習圖鑑 : 六大主題、千項名詞，從文化著手，升等素養，擺脫死背，立刻融入日本 -1
DEBUG: 10 简素 : 日本文化的底色 日本文化に見る道教的要素 -1
DEBUG: 11 简素 : 日本文化的底色 假面世界与白色世界 : 日本文化与朝鲜文化的比较 -1
DEBUG: 12 简素 : 日本文化的底色 下流日語 : 從「近來可好？」到「你Ｘ卡好！」，色色的、髒髒的、不能說的，比日 -1
DEBUG: 13 简素 : 日本文化的底色 野村重存的一笔画素描：绕来绕去的素描革命 : 日本NHK教育电视台文化讲座人气讲师野村重存，一笔画素描创新画法！ -1
DEBUG: 14 简素 : 日本文化的底色 日本珍奇廟 : 30間特色神廟在地行旅，品味人文美景、風俗信仰、飲食文化，深入探尋 -1
DEBUG: 92.86% 51 56 给孩子的世界地理大数据（全六册）
DEBUG: https://search.douban.com/book/subject_search?search_text=%E7%BB%99%E5%AD%A9%E5%AD%90%E7%9A%84%E4%B8%96%E7%95%8C%E5%9C%B0%E7%90%86%E5%A4%A7%E6%95%B0%E6%8D%AE%EF%BC%88%E5%85%A8%E5%85%AD%E5%86%8C%EF%BC%89&cat=1001
DEBUG: 0 给孩子的世界地理大数据（全六册） 给孩子的世界地理大数据（全六册） -1
DEBUG: 1 给孩子的世界地理大数据（全六册） 讲给孩子的世界地理（全套4册） -1
DEBUG: 2 给孩子的世界地理大数据（全六册） 地图上的全景世界史（精装全2册，画给孩子的世界历史绘本，适合6-15岁阅读，附赠音频历史课程） : 画给孩子的世界历史绘本 8.3
DEBUG: 3 给孩子的世界地理大数据（全六册） 希利尔写给孩子的世界地理（全2册） -1
DEBUG: 4 给孩子的世界地理大数据（全六册） 孩子看的世界人文地理启蒙大书（全5册） -1
DEBUG: 5 给孩子的世界地理大数据（全六册） 给孩子的人生解答书·学会爱世界（全6册） -1
DEBUG: 6 给孩子的世界地理大数据（全六册） 世界最经典的故事书-全六册-随书赠送专家引导孩子阅读光盘 : 大探险家们的故事 -1
DEBUG: 7 给孩子的世界地理大数据（全六册） 写给孩子的趣味科学全6册彩图版6-12岁中小学生三四五六年级物理化学数学地理力学天文知识大全 -1
DEBUG: 8 给孩子的世界地理大数据（全六册） 给孩子的数学历史启蒙游戏书（英国趣味数学大迷宫+儿童世界历史迷宫大冒险 全7册） -1
DEBUG: 9 给孩子的世界地理大数据（全六册） 脑洞大开•动物篇（第5辑）：全6册 : 法国国宝级科普童书，畅销全球30年！4～7岁进阶版，动物篇。尺牍间， -1
DEBUG: 10 给孩子的世界地理大数据（全六册） 给孩子的数学三书 原来数学这么有趣 全3册 马先生谈算 数学趣味 数学的园地 中小学生课外阅读书籍科普百科自然科学知识大全 世界经典科普名著 : 原来数学这么有趣 -1
DEBUG: 11 给孩子的世界地理大数据（全六册） 彩图插画注音版写给孩子的百科大全第一辑（全四册）为儿童解秘丰富多彩的世界一二三四五六年级科普知识阅读 -1
DEBUG: 94.64% 52 56 公共管理论丛
DEBUG: https://search.douban.com/book/subject_search?search_text=%E5%85%AC%E5%85%B1%E7%AE%A1%E7%90%86%E8%AE%BA%E4%B8%9B&cat=1001
DEBUG: 0 公共管理论丛 [丛书] 公共管理论丛 -1
DEBUG: 1 公共管理论丛 公共管理论丛 -1
DEBUG: 2 公共管理论丛 地方政府绩效评估研究/公共管理论丛 (平装) -1
DEBUG: 3 公共管理论丛 公共管理论丛：行政监督与制约研究 -1
DEBUG: 4 公共管理论丛 公共管理论丛：农村基础设施供给中的政府投资行为研究 -1
DEBUG: 5 公共管理论丛 治国理政之中国道路/中国公共管理博士后论丛 -1
DEBUG: 6 公共管理论丛 中国公共管理博士后论丛（第2辑）：简政放权与政府职能转变 -1
DEBUG: 7 公共管理论丛 公共管理导论 7.4
DEBUG: 8 公共管理论丛 公共管理导论 : 公共行政与公共管理经典译丛·经典教材系列 7.1
DEBUG: 9 公共管理论丛 公共选择理论 8.2
DEBUG: 10 公共管理论丛 公共管理学 7.1
DEBUG: 11 公共管理论丛 公共管理导论 7.9
DEBUG: 12 公共管理论丛 公共管理学 7.3
DEBUG: 13 公共管理论丛 公共行政学 : 公共行政与公共管理经典译丛 7.8
DEBUG: 14 公共管理论丛 创造公共价值 : 政府战略管理 7
DEBUG: 15 公共管理论丛 公共管理导论（第四版） 7.2
DEBUG: 96.43% 53 56 The World According to Star Wars
DEBUG: https://search.douban.com/book/subject_search?search_text=The%20World%20According%20to%20Star%20Wars&cat=1001
DEBUG: 0 The World According to Star Wars The World According to Star Wars -1
DEBUG: 1 The World According to Star Wars 星球大战的世界 7
DEBUG: 2 The World According to Star Wars 原力思辨 : 哈佛法學教授用星際大戰解析生命中重要的事 -1
DEBUG: 3 The World According to Star Wars 盖普眼中的世界 8.5
DEBUG: 4 The World According to Star Wars 卡尔·拉格斐的世界 : 工作、生活与人生智慧 7.5
DEBUG: 5 The World According to Star Wars 盖普眼中的世界 8.6
DEBUG: 6 The World According to Star Wars The World According to Garp 8.8
DEBUG: 7 The World According to Star Wars 卡尔的世界 7.8
DEBUG: 8 The World According to Star Wars 星球大战：破碎帝国 7.6
DEBUG: 9 The World According to Star Wars 博物馆窜行记 6.3
DEBUG: 10 The World According to Star Wars The World According to the Economist : The World According to the Economist -1
DEBUG: 11 The World According to Star Wars 咖啡瘾史 : 一场穿越800年的咖啡冒险 6.6
DEBUG: 12 The World According to Star Wars The World According to Karl -1
DEBUG: 13 The World According to Star Wars The World According to Clarkson 7.8
DEBUG: 14 The World According to Star Wars The World According to Garp -1
DEBUG: 98.21% 54 56 Linux内核API完全参考手册
DEBUG: https://search.douban.com/book/subject_search?search_text=Linux%E5%86%85%E6%A0%B8API%E5%AE%8C%E5%85%A8%E5%8F%82%E8%80%83%E6%89%8B%E5%86%8C&cat=1001
DEBUG: 0 Linux内核API完全参考手册 Linux内核API完全参考手册 -1
DEBUG: 1 Linux内核API完全参考手册 Linux内核API完全参考手册（第2版） -1
DEBUG: 2 Linux内核API完全参考手册 Linux完全参考手册 7
DEBUG: 100.00% 55 56 架构之美：行业思想领袖揭秘软件设计之美（评注版）
DEBUG: https://search.douban.com/book/subject_search?search_text=%E6%9E%B6%E6%9E%84%E4%B9%8B%E7%BE%8E%EF%BC%9A%E8%A1%8C%E4%B8%9A%E6%80%9D%E6%83%B3%E9%A2%86%E8%A2%96%E6%8F%AD%E7%A7%98%E8%BD%AF%E4%BB%B6%E8%AE%BE%E8%AE%A1%E4%B9%8B%E7%BE%8E%EF%BC%88%E8%AF%84%E6%B3%A8%E7%89%88%EF%BC%89&cat=1001
DEBUG: 0 架构之美：行业思想领袖揭秘软件设计之美（评注版） 架构之美：行业思想领袖揭秘软件设计之美（评注版） -1
